TN:
SF:/Users/andeladeveloper/projects/Simulations/inverted-index/app/class/invertedIndexClass.js
FN:11,(anonymous_1)
FN:22,(anonymous_2)
FN:44,(anonymous_3)
FN:77,(anonymous_4)
FN:92,(anonymous_5)
FN:133,(anonymous_6)
FN:156,(anonymous_7)
FN:168,(anonymous_8)
FN:190,(anonymous_9)
FNF:9
FNH:5
FNDA:1,(anonymous_1)
FNDA:0,(anonymous_2)
FNDA:2,(anonymous_3)
FNDA:0,(anonymous_4)
FNDA:0,(anonymous_5)
FNDA:0,(anonymous_6)
FNDA:14,(anonymous_7)
FNDA:14,(anonymous_8)
FNDA:14,(anonymous_9)
DA:12,1
DA:13,1
DA:23,0
DA:24,0
DA:26,0
DA:27,0
DA:28,0
DA:29,0
DA:31,0
DA:45,2
DA:47,2
DA:48,2
DA:50,2
DA:51,14
DA:54,2
DA:55,14
DA:56,569
DA:57,295
DA:59,569
DA:63,2
DA:64,2
DA:67,2
DA:68,2
DA:78,0
DA:79,0
DA:81,0
DA:93,0
DA:94,0
DA:95,0
DA:97,0
DA:98,0
DA:100,0
DA:103,0
DA:104,0
DA:105,0
DA:106,0
DA:107,0
DA:112,0
DA:116,0
DA:119,0
DA:120,0
DA:123,0
DA:134,0
DA:136,0
DA:137,0
DA:138,0
DA:142,0
DA:145,0
DA:147,0
DA:157,14
DA:158,1460
DA:169,14
DA:170,14
DA:171,14
DA:173,14
DA:174,28
DA:175,28
DA:176,28
DA:179,14
DA:180,14
DA:191,14
DA:193,14
DA:199,14
DA:200,14
LF:64
LH:31
BRDA:45,1,0,0
BRDA:45,1,1,2
BRDA:56,2,0,295
BRDA:56,2,1,274
BRDA:63,3,0,2
BRDA:63,3,1,0
BRDA:78,4,0,0
BRDA:78,4,1,0
BRDA:81,5,0,0
BRDA:81,5,1,0
BRDA:81,6,0,0
BRDA:81,6,1,0
BRDA:97,7,0,0
BRDA:97,7,1,0
BRDA:105,8,0,0
BRDA:105,8,1,0
BRDA:106,9,0,0
BRDA:106,9,1,0
BRDA:119,10,0,0
BRDA:119,10,1,0
BRDA:136,11,0,0
BRDA:136,11,1,0
BRDA:138,12,0,0
BRDA:138,12,1,0
BRDA:138,13,0,0
BRDA:138,13,1,0
BRDA:138,13,2,0
BRDA:138,13,3,0
BRDA:138,13,4,0
BRDA:138,13,5,0
BRF:30
BRH:4
end_of_record
