TN:
SF:/Users/andeladeveloper/projects/Simulations/inverted-index/app/class/invertedIndexClass.js
FN:11,(anonymous_1)
FN:22,(anonymous_2)
FN:44,(anonymous_3)
FN:76,(anonymous_4)
FN:88,(anonymous_5)
FN:128,(anonymous_6)
FN:151,(anonymous_7)
FN:161,(anonymous_8)
FN:183,(anonymous_9)
FNF:9
FNH:8
FNDA:1,(anonymous_1)
FNDA:0,(anonymous_2)
FNDA:4,(anonymous_3)
FNDA:10,(anonymous_4)
FNDA:5,(anonymous_5)
FNDA:7,(anonymous_6)
FNDA:9,(anonymous_7)
FNDA:9,(anonymous_8)
FNDA:9,(anonymous_9)
DA:12,1
DA:13,1
DA:23,0
DA:24,0
DA:26,0
DA:27,0
DA:28,0
DA:29,0
DA:31,0
DA:45,4
DA:47,3
DA:48,3
DA:49,3
DA:50,9
DA:52,3
DA:54,3
DA:55,9
DA:56,280
DA:57,242
DA:59,280
DA:63,3
DA:64,2
DA:66,3
DA:67,3
DA:77,10
DA:89,5
DA:90,5
DA:91,5
DA:93,5
DA:94,3
DA:96,2
DA:99,5
DA:100,7
DA:101,31
DA:102,7
DA:103,5
DA:108,7
DA:112,7
DA:115,5
DA:116,1
DA:118,4
DA:129,7
DA:131,7
DA:132,5
DA:133,11
DA:137,3
DA:140,2
DA:142,7
DA:152,856
DA:162,9
DA:163,9
DA:164,9
DA:166,9
DA:167,18
DA:168,18
DA:169,18
DA:172,9
DA:173,9
DA:184,9
DA:186,9
DA:192,9
DA:193,9
LF:62
LH:55
BRDA:45,1,0,1
BRDA:45,1,1,3
BRDA:56,2,0,242
BRDA:56,2,1,38
BRDA:63,3,0,2
BRDA:63,3,1,1
BRDA:77,4,0,4
BRDA:77,4,1,6
BRDA:77,5,0,10
BRDA:77,5,1,10
BRDA:93,6,0,3
BRDA:93,6,1,2
BRDA:101,7,0,7
BRDA:101,7,1,24
BRDA:102,8,0,5
BRDA:102,8,1,2
BRDA:115,9,0,1
BRDA:115,9,1,4
BRDA:131,10,0,5
BRDA:131,10,1,2
BRDA:133,11,0,3
BRDA:133,11,1,8
BRDA:133,12,0,11
BRDA:133,12,1,11
BRDA:133,12,2,11
BRDA:133,12,3,11
BRDA:133,12,4,8
BRDA:133,12,5,8
BRF:28
BRH:28
end_of_record
