{"/Users/andeladeveloper/projects/Simulations/inverted-index/public/lib/invertedIndexTests.js":{"path":"/Users/andeladeveloper/projects/Simulations/inverted-index/public/lib/invertedIndexTests.js","s":{"1":1,"2":1,"3":0,"4":0,"5":0,"6":0,"7":0,"8":0,"9":0,"10":0,"11":0,"12":0,"13":0},"b":{},"f":{},"fnMap":{},"statementMap":{"1":{"start":{"line":1,"column":0},"end":{"line":1,"column":68}},"2":{"start":{"line":3,"column":0},"end":{"line":24,"column":3}},"3":{"start":{"line":4,"column":2},"end":{"line":10,"column":5}},"4":{"start":{"line":5,"column":4},"end":{"line":5,"column":45}},"5":{"start":{"line":6,"column":4},"end":{"line":7,"column":88}},"6":{"start":{"line":8,"column":4},"end":{"line":9,"column":92}},"7":{"start":{"line":12,"column":2},"end":{"line":23,"column":5}},"8":{"start":{"line":13,"column":4},"end":{"line":17,"column":7}},"9":{"start":{"line":14,"column":6},"end":{"line":15,"column":24}},"10":{"start":{"line":16,"column":6},"end":{"line":16,"column":34}},"11":{"start":{"line":19,"column":4},"end":{"line":22,"column":7}},"12":{"start":{"line":20,"column":6},"end":{"line":20,"column":71}},"13":{"start":{"line":21,"column":6},"end":{"line":21,"column":34}}},"branchMap":{}},"/Users/andeladeveloper/projects/Simulations/inverted-index/app/class/invertedIndexClass.js":{"path":"/Users/andeladeveloper/projects/Simulations/inverted-index/app/class/invertedIndexClass.js","s":{"1":0,"2":0,"3":0,"4":0,"5":0,"6":0,"7":0,"8":0,"9":0,"10":0,"11":0,"12":0,"13":0,"14":0,"15":0,"16":0,"17":0,"18":0,"19":0,"20":0,"21":0,"22":0,"23":0,"24":0,"25":0,"26":0,"27":0,"28":0,"29":0,"30":0,"31":0,"32":0,"33":0,"34":0,"35":0,"36":0,"37":0,"38":0,"39":0,"40":0,"41":0,"42":0,"43":0,"44":0,"45":0,"46":0,"47":0,"48":0,"49":0,"50":0,"51":0,"52":0,"53":0,"54":0,"55":0,"56":0,"57":0,"58":0,"59":0,"60":0,"61":0,"62":0,"63":0,"64":0,"65":0},"b":{"1":[0,0],"2":[0,0],"3":[0,0],"4":[0,0],"5":[0,0],"6":[0,0],"7":[0,0],"8":[0,0],"9":[0,0],"10":[0,0],"11":[0,0],"12":[0,0],"13":[0,0,0,0,0,0]},"f":{"1":0,"2":0,"3":0,"4":0,"5":0,"6":0,"7":0,"8":0,"9":0},"fnMap":{"1":{"name":"(anonymous_1)","line":11,"loc":{"start":{"line":11,"column":13},"end":{"line":11,"column":16}}},"2":{"name":"(anonymous_2)","line":16,"loc":{"start":{"line":16,"column":10},"end":{"line":16,"column":23}}},"3":{"name":"(anonymous_3)","line":38,"loc":{"start":{"line":38,"column":13},"end":{"line":38,"column":30}}},"4":{"name":"(anonymous_4)","line":66,"loc":{"start":{"line":66,"column":12},"end":{"line":66,"column":23}}},"5":{"name":"(anonymous_5)","line":81,"loc":{"start":{"line":81,"column":15},"end":{"line":81,"column":33}}},"6":{"name":"(anonymous_6)","line":118,"loc":{"start":{"line":118,"column":14},"end":{"line":118,"column":21}}},"7":{"name":"(anonymous_7)","line":139,"loc":{"start":{"line":139,"column":11},"end":{"line":139,"column":19}}},"8":{"name":"(anonymous_8)","line":151,"loc":{"start":{"line":151,"column":12},"end":{"line":151,"column":23}}},"9":{"name":"(anonymous_9)","line":171,"loc":{"start":{"line":171,"column":10},"end":{"line":171,"column":17}}}},"statementMap":{"1":{"start":{"line":12,"column":4},"end":{"line":12,"column":22}},"2":{"start":{"line":13,"column":4},"end":{"line":13,"column":27}},"3":{"start":{"line":17,"column":4},"end":{"line":17,"column":41}},"4":{"start":{"line":19,"column":4},"end":{"line":19,"column":38}},"5":{"start":{"line":20,"column":4},"end":{"line":28,"column":7}},"6":{"start":{"line":21,"column":6},"end":{"line":27,"column":8}},"7":{"start":{"line":22,"column":8},"end":{"line":26,"column":9}},"8":{"start":{"line":23,"column":10},"end":{"line":23,"column":56}},"9":{"start":{"line":25,"column":10},"end":{"line":25,"column":58}},"10":{"start":{"line":39,"column":4},"end":{"line":39,"column":32}},"11":{"start":{"line":39,"column":17},"end":{"line":39,"column":30}},"12":{"start":{"line":40,"column":4},"end":{"line":40,"column":21}},"13":{"start":{"line":41,"column":4},"end":{"line":41,"column":28}},"14":{"start":{"line":42,"column":4},"end":{"line":44,"column":7}},"15":{"start":{"line":43,"column":6},"end":{"line":43,"column":38}},"16":{"start":{"line":45,"column":4},"end":{"line":52,"column":7}},"17":{"start":{"line":46,"column":6},"end":{"line":51,"column":7}},"18":{"start":{"line":47,"column":8},"end":{"line":49,"column":9}},"19":{"start":{"line":48,"column":10},"end":{"line":48,"column":37}},"20":{"start":{"line":50,"column":8},"end":{"line":50,"column":42}},"21":{"start":{"line":53,"column":4},"end":{"line":55,"column":5}},"22":{"start":{"line":54,"column":6},"end":{"line":54,"column":44}},"23":{"start":{"line":56,"column":4},"end":{"line":56,"column":46}},"24":{"start":{"line":57,"column":4},"end":{"line":57,"column":16}},"25":{"start":{"line":67,"column":4},"end":{"line":69,"column":5}},"26":{"start":{"line":68,"column":6},"end":{"line":68,"column":19}},"27":{"start":{"line":70,"column":4},"end":{"line":71,"column":76}},"28":{"start":{"line":82,"column":4},"end":{"line":82,"column":29}},"29":{"start":{"line":83,"column":4},"end":{"line":83,"column":22}},"30":{"start":{"line":84,"column":4},"end":{"line":84,"column":21}},"31":{"start":{"line":85,"column":4},"end":{"line":89,"column":5}},"32":{"start":{"line":86,"column":6},"end":{"line":86,"column":52}},"33":{"start":{"line":88,"column":6},"end":{"line":88,"column":29}},"34":{"start":{"line":90,"column":4},"end":{"line":104,"column":7}},"35":{"start":{"line":91,"column":6},"end":{"line":102,"column":9}},"36":{"start":{"line":92,"column":8},"end":{"line":101,"column":9}},"37":{"start":{"line":93,"column":10},"end":{"line":99,"column":11}},"38":{"start":{"line":94,"column":12},"end":{"line":98,"column":14}},"39":{"start":{"line":100,"column":10},"end":{"line":100,"column":57}},"40":{"start":{"line":103,"column":6},"end":{"line":103,"column":39}},"41":{"start":{"line":105,"column":4},"end":{"line":107,"column":5}},"42":{"start":{"line":106,"column":6},"end":{"line":106,"column":19}},"43":{"start":{"line":108,"column":4},"end":{"line":108,"column":25}},"44":{"start":{"line":119,"column":4},"end":{"line":119,"column":23}},"45":{"start":{"line":120,"column":4},"end":{"line":129,"column":27}},"46":{"start":{"line":121,"column":6},"end":{"line":128,"column":7}},"47":{"start":{"line":122,"column":8},"end":{"line":127,"column":9}},"48":{"start":{"line":126,"column":10},"end":{"line":126,"column":26}},"49":{"start":{"line":129,"column":11},"end":{"line":129,"column":27}},"50":{"start":{"line":130,"column":4},"end":{"line":130,"column":19}},"51":{"start":{"line":140,"column":4},"end":{"line":142,"column":7}},"52":{"start":{"line":141,"column":6},"end":{"line":141,"column":43}},"53":{"start":{"line":152,"column":4},"end":{"line":152,"column":13}},"54":{"start":{"line":153,"column":4},"end":{"line":153,"column":14}},"55":{"start":{"line":154,"column":4},"end":{"line":154,"column":20}},"56":{"start":{"line":155,"column":4},"end":{"line":159,"column":5}},"57":{"start":{"line":156,"column":6},"end":{"line":156,"column":29}},"58":{"start":{"line":157,"column":6},"end":{"line":157,"column":27}},"59":{"start":{"line":158,"column":6},"end":{"line":158,"column":38}},"60":{"start":{"line":160,"column":4},"end":{"line":160,"column":30}},"61":{"start":{"line":161,"column":4},"end":{"line":161,"column":18}},"62":{"start":{"line":172,"column":4},"end":{"line":172,"column":20}},"63":{"start":{"line":173,"column":4},"end":{"line":177,"column":14}},"64":{"start":{"line":178,"column":4},"end":{"line":178,"column":36}},"65":{"start":{"line":179,"column":4},"end":{"line":179,"column":18}}},"branchMap":{"1":{"line":39,"type":"if","locations":[{"start":{"line":39,"column":4},"end":{"line":39,"column":4}},{"start":{"line":39,"column":4},"end":{"line":39,"column":4}}]},"2":{"line":47,"type":"if","locations":[{"start":{"line":47,"column":8},"end":{"line":47,"column":8}},{"start":{"line":47,"column":8},"end":{"line":47,"column":8}}]},"3":{"line":53,"type":"if","locations":[{"start":{"line":53,"column":4},"end":{"line":53,"column":4}},{"start":{"line":53,"column":4},"end":{"line":53,"column":4}}]},"4":{"line":67,"type":"if","locations":[{"start":{"line":67,"column":4},"end":{"line":67,"column":4}},{"start":{"line":67,"column":4},"end":{"line":67,"column":4}}]},"5":{"line":70,"type":"cond-expr","locations":[{"start":{"line":71,"column":38},"end":{"line":71,"column":50}},{"start":{"line":71,"column":53},"end":{"line":71,"column":75}}]},"6":{"line":70,"type":"binary-expr","locations":[{"start":{"line":70,"column":11},"end":{"line":70,"column":42}},{"start":{"line":71,"column":7},"end":{"line":71,"column":35}}]},"7":{"line":85,"type":"if","locations":[{"start":{"line":85,"column":4},"end":{"line":85,"column":4}},{"start":{"line":85,"column":4},"end":{"line":85,"column":4}}]},"8":{"line":92,"type":"if","locations":[{"start":{"line":92,"column":8},"end":{"line":92,"column":8}},{"start":{"line":92,"column":8},"end":{"line":92,"column":8}}]},"9":{"line":93,"type":"if","locations":[{"start":{"line":93,"column":10},"end":{"line":93,"column":10}},{"start":{"line":93,"column":10},"end":{"line":93,"column":10}}]},"10":{"line":105,"type":"if","locations":[{"start":{"line":105,"column":4},"end":{"line":105,"column":4}},{"start":{"line":105,"column":4},"end":{"line":105,"column":4}}]},"11":{"line":120,"type":"if","locations":[{"start":{"line":120,"column":4},"end":{"line":120,"column":4}},{"start":{"line":120,"column":4},"end":{"line":120,"column":4}}]},"12":{"line":122,"type":"if","locations":[{"start":{"line":122,"column":8},"end":{"line":122,"column":8}},{"start":{"line":122,"column":8},"end":{"line":122,"column":8}}]},"13":{"line":122,"type":"binary-expr","locations":[{"start":{"line":122,"column":12},"end":{"line":122,"column":33}},{"start":{"line":123,"column":13},"end":{"line":123,"column":33}},{"start":{"line":123,"column":37},"end":{"line":123,"column":56}},{"start":{"line":124,"column":13},"end":{"line":124,"column":27}},{"start":{"line":124,"column":31},"end":{"line":124,"column":44}},{"start":{"line":125,"column":13},"end":{"line":125,"column":45}}]}}}}